11 dic 2016, 18:14:53.214 [   INFO] [   FXGL.SystemLogger] [JavaFX Application Thread] System Logger is initialized
11 dic 2016, 18:14:53.240 [  FINER] [   FXGL.SystemLogger] [JavaFX Application Thread] Logging System Info
11 dic 2016, 18:14:53.241 [  FINER] [   FXGL.SystemLogger] [JavaFX Application Thread] CPU cores: 4
11 dic 2016, 18:14:53.244 [  FINER] [   FXGL.SystemLogger] [JavaFX Application Thread] Free Memory: 13MB
11 dic 2016, 18:14:53.244 [  FINER] [   FXGL.SystemLogger] [JavaFX Application Thread] Max Memory: 248MB
11 dic 2016, 18:14:53.245 [  FINER] [   FXGL.SystemLogger] [JavaFX Application Thread] Total Memory: 16MB
11 dic 2016, 18:14:53.246 [  FINER] [   FXGL.SystemLogger] [JavaFX Application Thread] System Properties:
11 dic 2016, 18:14:53.248 [  FINER] [   FXGL.SystemLogger] [JavaFX Application Thread] sun.cpu.isalist=pentium_pro+mmx pentium_pro pentium+mmx pentium i486 i386 i86
11 dic 2016, 18:14:53.248 [  FINER] [   FXGL.SystemLogger] [JavaFX Application Thread] sun.desktop=windows
11 dic 2016, 18:14:53.248 [  FINER] [   FXGL.SystemLogger] [JavaFX Application Thread] sun.io.unicode.encoding=UnicodeLittle
11 dic 2016, 18:14:53.249 [  FINER] [   FXGL.SystemLogger] [JavaFX Application Thread] sun.cpu.endian=little
11 dic 2016, 18:14:53.249 [  FINER] [   FXGL.SystemLogger] [JavaFX Application Thread] java.vendor.url.bug=http://bugreport.sun.com/bugreport/
11 dic 2016, 18:14:53.250 [  FINER] [   FXGL.SystemLogger] [JavaFX Application Thread] file.separator=\
11 dic 2016, 18:14:53.250 [  FINER] [   FXGL.SystemLogger] [JavaFX Application Thread] java.vendor=Oracle Corporation
11 dic 2016, 18:14:53.250 [  FINER] [   FXGL.SystemLogger] [JavaFX Application Thread] sun.boot.class.path=C:\Program Files (x86)\Java\jdk1.8.0_40\jre\lib\resources.jar;C:\Program Files (x86)\Java\jdk1.8.0_40\jre\lib\rt.jar;C:\Program Files (x86)\Java\jdk1.8.0_40\jre\lib\sunrsasign.jar;C:\Program Files (x86)\Java\jdk1.8.0_40\jre\lib\jsse.jar;C:\Program Files (x86)\Java\jdk1.8.0_40\jre\lib\jce.jar;C:\Program Files (x86)\Java\jdk1.8.0_40\jre\lib\charsets.jar;C:\Program Files (x86)\Java\jdk1.8.0_40\jre\lib\jfr.jar;C:\Program Files (x86)\Java\jdk1.8.0_40\jre\classes
11 dic 2016, 18:14:53.251 [  FINER] [   FXGL.SystemLogger] [JavaFX Application Thread] java.ext.dirs=C:\Program Files (x86)\Java\jdk1.8.0_40\jre\lib\ext;C:\WINDOWS\Sun\Java\lib\ext
11 dic 2016, 18:14:53.252 [  FINER] [   FXGL.SystemLogger] [JavaFX Application Thread] java.version=1.8.0_40
11 dic 2016, 18:14:53.252 [  FINER] [   FXGL.SystemLogger] [JavaFX Application Thread] java.vm.info=mixed mode
11 dic 2016, 18:14:53.252 [  FINER] [   FXGL.SystemLogger] [JavaFX Application Thread] awt.toolkit=sun.awt.windows.WToolkit
11 dic 2016, 18:14:53.253 [  FINER] [   FXGL.SystemLogger] [JavaFX Application Thread] user.language=es
11 dic 2016, 18:14:53.253 [  FINER] [   FXGL.SystemLogger] [JavaFX Application Thread] java.specification.vendor=Oracle Corporation
11 dic 2016, 18:14:53.254 [  FINER] [   FXGL.SystemLogger] [JavaFX Application Thread] sun.java.command=com.almasb.juegomissile.GameApp
11 dic 2016, 18:14:53.254 [  FINER] [   FXGL.SystemLogger] [JavaFX Application Thread] java.home=C:\Program Files (x86)\Java\jdk1.8.0_40\jre
11 dic 2016, 18:14:53.254 [  FINER] [   FXGL.SystemLogger] [JavaFX Application Thread] sun.arch.data.model=32
11 dic 2016, 18:14:53.255 [  FINER] [   FXGL.SystemLogger] [JavaFX Application Thread] java.vm.specification.version=1.8
11 dic 2016, 18:14:53.255 [  FINER] [   FXGL.SystemLogger] [JavaFX Application Thread] java.class.path=C:\Users\Catalina\Documents\NetBeansProjects\juegomissile\target\classes;C:\Users\Catalina\.m2\repository\com\github\AlmasB\FXGL\0.2.8\FXGL-0.2.8.jar;C:\Users\Catalina\.m2\repository\org\jetbrains\kotlin\kotlin-stdlib\1.0.3\kotlin-stdlib-1.0.3.jar;C:\Users\Catalina\.m2\repository\org\jetbrains\kotlin\kotlin-runtime\1.0.3\kotlin-runtime-1.0.3.jar;C:\Users\Catalina\.m2\repository\com\google\inject\guice\4.0\guice-4.0.jar;C:\Users\Catalina\.m2\repository\javax\inject\javax.inject\1\javax.inject-1.jar;C:\Users\Catalina\.m2\repository\aopalliance\aopalliance\1.0\aopalliance-1.0.jar;C:\Users\Catalina\.m2\repository\com\google\guava\guava\16.0.1\guava-16.0.1.jar;C:\Users\Catalina\.m2\repository\org\jfxtras\jfxtras-window\8.0-r4\jfxtras-window-8.0-r4.jar;C:\Users\Catalina\.m2\repository\org\jfxtras\jfxtras-common\8.0-r4\jfxtras-common-8.0-r4.jar;C:\Users\Catalina\.m2\repository\org\controlsfx\controlsfx\8.40.10\controlsfx-8.40.10.jar;C:\Users\Catalina\.m2\repository\com\github\AlmasB\FXEventBus\1.0\FXEventBus-1.0.jar;C:\Users\Catalina\.m2\repository\com\github\AlmasB\Ents\1.1.1\Ents-1.1.1.jar;C:\Users\Catalina\.m2\repository\com\github\AlmasB\GameUtils\0.0.3\GameUtils-0.0.3.jar;C:\Users\Catalina\.m2\repository\com\github\AlmasB\jbox2d\2.3.2-fxgl\jbox2d-2.3.2-fxgl.jar;C:\Users\Catalina\.m2\repository\com\github\AlmasB\AStar\1.0\AStar-1.0.jar;C:\Users\Catalina\.m2\repository\com\github\AlmasB\EasyIO\0.1.6\EasyIO-0.1.6.jar;C:\Users\Catalina\.m2\repository\org\apache\logging\log4j\log4j-api\2.5\log4j-api-2.5.jar;C:\Users\Catalina\.m2\repository\org\apache\logging\log4j\log4j-core\2.5\log4j-core-2.5.jar;C:\Users\Catalina\.m2\repository\com\github\AlmasB\gdx-ai\1.8.2-fxgl\gdx-ai-1.8.2-fxgl.jar
11 dic 2016, 18:14:53.255 [  FINER] [   FXGL.SystemLogger] [JavaFX Application Thread] user.name=Catalina
11 dic 2016, 18:14:53.256 [  FINER] [   FXGL.SystemLogger] [JavaFX Application Thread] file.encoding=Cp1252
11 dic 2016, 18:14:53.256 [  FINER] [   FXGL.SystemLogger] [JavaFX Application Thread] java.specification.version=1.8
11 dic 2016, 18:14:53.256 [  FINER] [   FXGL.SystemLogger] [JavaFX Application Thread] java.awt.printerjob=sun.awt.windows.WPrinterJob
11 dic 2016, 18:14:53.257 [  FINER] [   FXGL.SystemLogger] [JavaFX Application Thread] user.timezone=America/Bogota
11 dic 2016, 18:14:53.257 [  FINER] [   FXGL.SystemLogger] [JavaFX Application Thread] user.home=C:\Users\Catalina
11 dic 2016, 18:14:53.257 [  FINER] [   FXGL.SystemLogger] [JavaFX Application Thread] os.version=6.3
11 dic 2016, 18:14:53.258 [  FINER] [   FXGL.SystemLogger] [JavaFX Application Thread] sun.management.compiler=HotSpot Client Compiler
11 dic 2016, 18:14:53.259 [  FINER] [   FXGL.SystemLogger] [JavaFX Application Thread] java.specification.name=Java Platform API Specification
11 dic 2016, 18:14:53.259 [  FINER] [   FXGL.SystemLogger] [JavaFX Application Thread] java.class.version=52.0
11 dic 2016, 18:14:53.259 [  FINER] [   FXGL.SystemLogger] [JavaFX Application Thread] java.library.path=C:\Program Files (x86)\Java\jdk1.8.0_40\bin;C:\WINDOWS\Sun\Java\bin;C:\WINDOWS\system32;C:\WINDOWS;C:\ProgramData\Oracle\Java\javapath;C:\Program Files (x86)\Intel\iCLS Client\;C:\Program Files\Intel\iCLS Client\;C:\WINDOWS\system32;C:\WINDOWS;C:\WINDOWS\System32\Wbem;C:\WINDOWS\System32\WindowsPowerShell\v1.0\;C:\Program Files\Intel\Intel(R) Management Engine Components\DAL;C:\Program Files\Intel\Intel(R) Management Engine Components\IPT;C:\Program Files (x86)\Intel\Intel(R) Management Engine Components\DAL;C:\Program Files (x86)\Intel\Intel(R) Management Engine Components\IPT;C:\Program Files\Microsoft\Web Platform Installer\;C:\WINDOWS\system32\config\systemprofile\.dnx\bin;C:\Program Files\Microsoft DNX\Dnvm\;C:\Program Files\Microsoft SQL Server\120\Tools\Binn\;C:\Program Files (x86)\Skype\Phone\;C:\Program Files\nodejs\;C:\Program Files\Git\cmd;C:\Program Files (x86)\Windows Live\Shared;C:\Users\Catalina\AppData\Roaming\npm;C:\Program Files (x86)\Dev-Cpp\MinGW64\bin;%USERPROFILE%\AppData\Local\Microsoft\WindowsApps;;.
11 dic 2016, 18:14:53.259 [  FINER] [   FXGL.SystemLogger] [JavaFX Application Thread] sun.jnu.encoding=Cp1252
11 dic 2016, 18:14:53.260 [  FINER] [   FXGL.SystemLogger] [JavaFX Application Thread] os.name=Windows 8.1
11 dic 2016, 18:14:53.260 [  FINER] [   FXGL.SystemLogger] [JavaFX Application Thread] user.variant=
11 dic 2016, 18:14:53.261 [  FINER] [   FXGL.SystemLogger] [JavaFX Application Thread] java.vm.specification.vendor=Oracle Corporation
11 dic 2016, 18:14:53.261 [  FINER] [   FXGL.SystemLogger] [JavaFX Application Thread] java.io.tmpdir=C:\Users\Catalina\AppData\Local\Temp\
11 dic 2016, 18:14:53.262 [  FINER] [   FXGL.SystemLogger] [JavaFX Application Thread] line.separator=

11 dic 2016, 18:14:53.262 [  FINER] [   FXGL.SystemLogger] [JavaFX Application Thread] java.endorsed.dirs=C:\Program Files (x86)\Java\jdk1.8.0_40\jre\lib\endorsed
11 dic 2016, 18:14:53.263 [  FINER] [   FXGL.SystemLogger] [JavaFX Application Thread] os.arch=x86
11 dic 2016, 18:14:53.263 [  FINER] [   FXGL.SystemLogger] [JavaFX Application Thread] javafx.runtime.version=8.0.40-b26
11 dic 2016, 18:14:53.263 [  FINER] [   FXGL.SystemLogger] [JavaFX Application Thread] java.awt.graphicsenv=sun.awt.Win32GraphicsEnvironment
11 dic 2016, 18:14:53.263 [  FINER] [   FXGL.SystemLogger] [JavaFX Application Thread] java.runtime.version=1.8.0_40-b26
11 dic 2016, 18:14:53.264 [  FINER] [   FXGL.SystemLogger] [JavaFX Application Thread] java.vm.specification.name=Java Virtual Machine Specification
11 dic 2016, 18:14:53.264 [  FINER] [   FXGL.SystemLogger] [JavaFX Application Thread] user.dir=C:\Users\Catalina\Documents\NetBeansProjects\juegomissile
11 dic 2016, 18:14:53.265 [  FINER] [   FXGL.SystemLogger] [JavaFX Application Thread] user.country=CO
11 dic 2016, 18:14:53.267 [  FINER] [   FXGL.SystemLogger] [JavaFX Application Thread] user.script=
11 dic 2016, 18:14:53.269 [  FINER] [   FXGL.SystemLogger] [JavaFX Application Thread] sun.java.launcher=SUN_STANDARD
11 dic 2016, 18:14:53.269 [  FINER] [   FXGL.SystemLogger] [JavaFX Application Thread] sun.os.patch.level=
11 dic 2016, 18:14:53.270 [  FINER] [   FXGL.SystemLogger] [JavaFX Application Thread] java.vm.name=Java HotSpot(TM) Client VM
11 dic 2016, 18:14:53.270 [  FINER] [   FXGL.SystemLogger] [JavaFX Application Thread] file.encoding.pkg=sun.io
11 dic 2016, 18:14:53.271 [  FINER] [   FXGL.SystemLogger] [JavaFX Application Thread] path.separator=;
11 dic 2016, 18:14:53.271 [  FINER] [   FXGL.SystemLogger] [JavaFX Application Thread] java.vm.vendor=Oracle Corporation
11 dic 2016, 18:14:53.271 [  FINER] [   FXGL.SystemLogger] [JavaFX Application Thread] java.vendor.url=http://java.oracle.com/
11 dic 2016, 18:14:53.272 [  FINER] [   FXGL.SystemLogger] [JavaFX Application Thread] sun.boot.library.path=C:\Program Files (x86)\Java\jdk1.8.0_40\jre\bin
11 dic 2016, 18:14:53.272 [  FINER] [   FXGL.SystemLogger] [JavaFX Application Thread] java.vm.version=25.40-b25
11 dic 2016, 18:14:53.273 [  FINER] [   FXGL.SystemLogger] [JavaFX Application Thread] java.runtime.name=Java(TM) SE Runtime Environment
11 dic 2016, 18:14:53.273 [  FINER] [   FXGL.SystemLogger] [JavaFX Application Thread] javafx.version=8.0.40
11 dic 2016, 18:14:53.281 [   INFO] [   FXGL.SystemLogger] [JavaFX Application Thread] FXGL-0.2.8
11 dic 2016, 18:14:53.283 [   INFO] [   FXGL.SystemLogger] [JavaFX Application Thread] Source code and latest versions at: https://github.com/AlmasB/FXGL
11 dic 2016, 18:14:53.284 [   INFO] [   FXGL.SystemLogger] [JavaFX Application Thread]              Join the FXGL chat at: https://gitter.im/AlmasB/FXGL
11 dic 2016, 18:14:53.295 [  FINER] [   FXGL.SystemLogger] [JavaFX Application Thread] Starting JavaFX
11 dic 2016, 18:14:53.297 [  FINER] [   FXGL.SystemLogger] [          JavaFX-Launcher] Initializing FXGL
11 dic 2016, 18:14:53.325 [  FINER] [   FXGL.SystemLogger] [JavaFX Application Thread] Starting FXGL
11 dic 2016, 18:14:53.875 [  FINER] [   FXGL.SystemLogger] [     FXGL Launcher Thread] Configuring FXGL
11 dic 2016, 18:14:53.875 [  FINER] [   FXGL.SystemLogger] [     FXGL Launcher Thread] Initializing system properties
11 dic 2016, 18:14:53.957 [  FINER] [   FXGL.SystemLogger] [     FXGL Launcher Thread] sound.notification = system/notification.wav
11 dic 2016, 18:14:53.957 [  FINER] [   FXGL.SystemLogger] [     FXGL Launcher Thread] url.storage = https://raw.githubusercontent.com/AlmasB/git-server/master/storage/
11 dic 2016, 18:14:53.958 [  FINER] [   FXGL.SystemLogger] [     FXGL Launcher Thread] asset.cache.size = 35
11 dic 2016, 18:14:53.958 [  FINER] [   FXGL.SystemLogger] [     FXGL Launcher Thread] fs.profiledir = profiles/
11 dic 2016, 18:14:53.959 [  FINER] [   FXGL.SystemLogger] [     FXGL Launcher Thread] url.pom = https://raw.githubusercontent.com/AlmasB/FXGL/master/pom.xml
11 dic 2016, 18:14:53.959 [  FINER] [   FXGL.SystemLogger] [     FXGL Launcher Thread] fs.datafile.ext = .dat
11 dic 2016, 18:14:53.960 [  FINER] [   FXGL.SystemLogger] [     FXGL Launcher Thread] sound.menu.back = menu/back.wav
11 dic 2016, 18:14:53.960 [  FINER] [   FXGL.SystemLogger] [     FXGL Launcher Thread] sound.menu.select = menu/select.wav
11 dic 2016, 18:14:53.961 [  FINER] [   FXGL.SystemLogger] [     FXGL Launcher Thread] url.github = https://github.com/AlmasB/FXGL
11 dic 2016, 18:14:53.961 [  FINER] [   FXGL.SystemLogger] [     FXGL Launcher Thread] physics.ppm = 50.0
11 dic 2016, 18:14:53.962 [  FINER] [   FXGL.SystemLogger] [     FXGL Launcher Thread] ui.css = fxgl.css
11 dic 2016, 18:14:53.962 [  FINER] [   FXGL.SystemLogger] [     FXGL Launcher Thread] version.check.days = 7
11 dic 2016, 18:14:53.963 [  FINER] [   FXGL.SystemLogger] [     FXGL Launcher Thread] fs.savefile.ext = .sav
11 dic 2016, 18:14:53.963 [  FINER] [   FXGL.SystemLogger] [     FXGL Launcher Thread] pooling.initialSize = 128
11 dic 2016, 18:14:53.964 [  FINER] [   FXGL.SystemLogger] [     FXGL Launcher Thread] ui.font = Copperplate_Gothic_Light_Regular.ttf
11 dic 2016, 18:14:53.964 [  FINER] [   FXGL.SystemLogger] [     FXGL Launcher Thread] fs.savedir = saves/
11 dic 2016, 18:14:53.965 [  FINER] [   FXGL.SystemLogger] [     FXGL Launcher Thread] fs.profilename = user.profile
11 dic 2016, 18:14:53.965 [  FINER] [   FXGL.SystemLogger] [     FXGL Launcher Thread] ui.icon.name = fxgl_icon.png
11 dic 2016, 18:14:53.966 [  FINER] [   FXGL.SystemLogger] [     FXGL Launcher Thread] sound.menu.press = menu/press.wav
11 dic 2016, 18:14:53.966 [  FINER] [   FXGL.SystemLogger] [     FXGL Launcher Thread] Initializing user properties
11 dic 2016, 18:14:53.967 [   INFO] [   FXGL.SystemLogger] [     FXGL Launcher Thread] User properties not found. Using system
11 dic 2016, 18:14:53.968 [  FINER] [   FXGL.SystemLogger] [     FXGL Launcher Thread] Initializing app settings
11 dic 2016, 18:14:53.994 [  FINER] [   FXGL.SystemLogger] [     FXGL Launcher Thread] Logging settings
Title: Missile Command 2.0
Version: 0.1
Width: 850
Height: 550
Fullscreen: false
Intro: false
Menus: false
Profiling: true
App Mode: DEVELOPER
Menu Style: FXGL_DEFAULT
Menu Key: ESCAPE
Services: []
11 dic 2016, 18:14:55.454 [  FINER] [   FXGL.SystemLogger] [     FXGL Launcher Thread] FXGL configuration complete
11 dic 2016, 18:14:55.455 [   INFO] [   FXGL.SystemLogger] [     FXGL Launcher Thread] FXGL configuration took:  1,580 sec
11 dic 2016, 18:14:55.459 [  FINER] [   FXGL.SystemLogger] [JavaFX Application Thread] Running task: UpdaterTask
11 dic 2016, 18:14:55.468 [  FINER] [   FXGL.SystemLogger] [     FXGL Launcher Thread] Running task: PreInitTask
11 dic 2016, 18:14:55.663 [  FINER] [   FXGL.SystemLogger] [     FXGL Launcher Thread] Running task: InitScenesTask
11 dic 2016, 18:14:56.109 [  FINER] [   FXGL.SystemLogger] [     FXGL Launcher Thread] Running task: InitEventHandlersTask
11 dic 2016, 18:14:56.189 [  FINER] [   FXGL.SystemLogger] [     FXGL Launcher Thread] Running task: InitProfilerTask
11 dic 2016, 18:14:56.200 [  FINER] [   FXGL.SystemLogger] [     FXGL Launcher Thread] Pausing main loop
11 dic 2016, 18:14:56.204 [  FINER] [   FXGL.SystemLogger] [     FXGL Launcher Thread] Resetting FXGL application
11 dic 2016, 18:14:56.301 [   INFO] [   FXGL.SystemLogger] [     FXGL Launcher Thread] Game configuration took:  0,834 sec
11 dic 2016, 18:14:56.349 [   INFO] [   FXGL.SystemLogger] [ FXGL Background Thread 1] Game initialization took: 0,047 sec
11 dic 2016, 18:14:56.471 [  FINER] [   FXGL.SystemLogger] [JavaFX Application Thread] Resuming main loop
11 dic 2016, 18:15:04.284 [  FINER] [   FXGL.SystemLogger] [JavaFX Application Thread] Pausing main loop
11 dic 2016, 18:15:05.559 [  FINER] [   FXGL.SystemLogger] [JavaFX Application Thread] Resuming main loop
11 dic 2016, 18:15:05.560 [  FINER] [   FXGL.SystemLogger] [JavaFX Application Thread] Exiting Normally
11 dic 2016, 18:15:05.561 [   INFO] [   FXGL.SystemLogger] [JavaFX Application Thread] Processed Frames: 453
11 dic 2016, 18:15:05.562 [   INFO] [   FXGL.SystemLogger] [JavaFX Application Thread] Average FPS: 55
11 dic 2016, 18:15:05.562 [   INFO] [   FXGL.SystemLogger] [JavaFX Application Thread] Avg Performance: 2643
11 dic 2016, 18:15:05.563 [   INFO] [   FXGL.SystemLogger] [JavaFX Application Thread] Avg Memory Usage: 14 MB
11 dic 2016, 18:15:05.564 [   INFO] [   FXGL.SystemLogger] [JavaFX Application Thread] Min Memory Usage: 11 MB
11 dic 2016, 18:15:05.564 [   INFO] [   FXGL.SystemLogger] [JavaFX Application Thread] Max Memory Usage: 16 MB
11 dic 2016, 18:15:05.564 [   INFO] [   FXGL.SystemLogger] [JavaFX Application Thread] Estimated GC runs: 0
11 dic 2016, 18:15:05.575 [  FINER] [   FXGL.SystemLogger] [JavaFX Application Thread] Exiting FXGL
11 dic 2016, 18:15:05.575 [  FINER] [   FXGL.SystemLogger] [JavaFX Application Thread] Logger is closing
