18:12:02.240 [FXGL Launcher Thread     ] DEBUG FXGLLoggerFactory    - Service [LoggerFactory] initialized
18:12:02.256 [FXGL Launcher Thread     ] DEBUG FXGL                 - FXGL configuration complete
18:12:02.257 [FXGL Launcher Thread     ] DEBUG FXGL                 - Loading FXGL system data
18:12:02.265 [FXGL Launcher Thread     ] DEBUG IOTask               - Executing task: readDataTask(system/fxgl.bundle)
18:12:02.268 [FXGL Launcher Thread     ] DEBUG FS                   - Reading from: system\fxgl.bundle
18:12:02.276 [FXGL Launcher Thread     ] DEBUG IOTask               - Task succeeded: readDataTask(system/fxgl.bundle)
18:12:02.276 [FXGL Launcher Thread     ] DEBUG Bundle               - Logging bundle: FXGL
18:12:02.278 [FXGL Launcher Thread     ] DEBUG Bundle               - FXGL.offline.timer.version.check=2016-12-11T16:39:22.168
18:12:02.287 [FXGL Launcher Thread     ] DEBUG GameApplication      - Configuring GameApplication
18:12:02.294 [FXGL Launcher Thread     ] DEBUG FXGLExceptionHandler - Service [ExceptionHandler] initialized
18:12:02.295 [FXGL Launcher Thread     ] DEBUG FXGLEventBus         - Service [EventBus] initialized
18:12:02.300 [FXGL Launcher Thread     ] DEBUG FXGLExecutor         - Service [Executor] initialized
18:12:02.301 [FXGL Launcher Thread     ] DEBUG PreInitTask          - Injecting gameWorld & physicsWorld
18:12:02.312 [FXGL Launcher Thread     ] DEBUG GameWorld            - Game world initialized
18:12:02.403 [FXGL Launcher Thread     ] DEBUG FXGLPooler           - Service [Pooler] initialized with default size = 128
18:12:02.403 [FXGL Launcher Thread     ] DEBUG PhysicsWorld         - Physics world initialized: appHeight=600,0, physics.ppm=50,0
18:12:02.405 [FXGL Launcher Thread     ] DEBUG FXGLInput            - Service [Input] initialized
18:12:02.437 [FXGL Launcher Thread     ] DEBUG FXGLInput            - Registered new binding: Screenshot - P
18:12:02.437 [FXGL Launcher Thread     ] DEBUG FXGLInput            - Registered new binding: Dev Options - CTRL+0
18:12:02.437 [FXGL Launcher Thread     ] DEBUG FXGLInput            - Registered new binding: Move Right - D
18:12:02.438 [FXGL Launcher Thread     ] DEBUG FXGLInput            - Registered new binding: Move Left - A
18:12:02.438 [FXGL Launcher Thread     ] DEBUG FXGLInput            - Registered new binding: Move Up - W
18:12:02.438 [FXGL Launcher Thread     ] DEBUG FXGLInput            - Registered new binding: Move Down - S
18:12:02.474 [FXGL Launcher Thread     ] DEBUG GameScene            - Game scene initialized: 600.0x600.0
18:12:02.483 [FXGL Launcher Thread     ] DEBUG FXGLAssetLoader      - Service [AssetLoader] initialized: cacheSize=35
18:12:02.486 [FXGL Launcher Thread     ] DEBUG FXGLAssetLoader      - Loading from disk: /assets/sounds/system/notification.wav
18:12:02.541 [FXGL Launcher Thread     ] DEBUG FXGLAssetLoader      - Loading from disk: /assets/sounds/menu/select.wav
18:12:02.544 [FXGL Launcher Thread     ] DEBUG FXGLAssetLoader      - Loading from disk: /assets/sounds/menu/back.wav
18:12:02.547 [FXGL Launcher Thread     ] DEBUG FXGLAssetLoader      - Loading from disk: /assets/sounds/menu/press.wav
18:12:02.551 [FXGL Launcher Thread     ] DEBUG FXGLAssetLoader      - Loading from disk: /assets/ui/fonts/Copperplate_Gothic_Light_Regular.ttf
18:12:02.690 [FXGL Launcher Thread     ] DEBUG FXGLAssetLoader      - Loading from disk: /assets/ui/css/fxgl.css
18:12:02.690 [FXGL Launcher Thread     ] DEBUG FXGLAssetLoader      - Loading from disk: /assets/ui/icons/fxgl_icon.png
18:12:02.730 [FXGL Launcher Thread     ] DEBUG FXGLAssetLoader      - Loading from disk: /assets/ui/css/fxgl_dark.css
18:12:02.747 [FXGL Launcher Thread     ] DEBUG FXGLDisplay          - Target size: DoubleProperty [value: 600.0] x DoubleProperty [value: 600.0] @ 1.0
18:12:02.748 [FXGL Launcher Thread     ] DEBUG FXGLDisplay          - New size:    600.0 x 600.0 @ DoubleProperty [value: 1.0]
18:12:02.748 [FXGL Launcher Thread     ] DEBUG FXGLDisplay          - Service [Display] initialized
18:12:02.749 [FXGL Launcher Thread     ] DEBUG FXGLDisplay          - Using CSS: CSS(externalForm=jar:file:/C:/Users/Catalina/.m2/repository/com/github/AlmasB/FXGL/0.2.8/FXGL-0.2.8.jar!/assets/ui/css/fxgl_dark.css)
18:12:02.749 [FXGL Launcher Thread     ] DEBUG InitScenesTask       - Injecting loadingScene & gameScene
18:12:02.794 [FXGL Launcher Thread     ] DEBUG FXGLMasterTimer      - Service [MasterTimer] initialized
18:12:02.798 [FXGL Launcher Thread     ] DEBUG FXGLAudioPlayer      - Service [AudioPlayer] initialized
18:12:02.818 [FXGL Launcher Thread     ] DEBUG InitProfilerTask     - Injecting profiler
18:12:02.818 [FXGL Launcher Thread     ] DEBUG GameApplication      - Starting new game
18:12:02.821 [FXGL Launcher Thread     ] DEBUG GameApplication      - Initializing App
18:12:02.822 [FXGL Launcher Thread     ] DEBUG FXGLInput            - Clearing active input actions
18:12:02.823 [FXGL Launcher Thread     ] DEBUG FXGLMasterTimer      - Stopping master timer
18:12:02.823 [FXGL Launcher Thread     ] DEBUG GameApplication      - State: STARTUP -> PAUSED
18:12:02.824 [FXGL Launcher Thread     ] DEBUG FXGLEventBus         - Firing event: FXGLEvent[type=PAUSE]
18:12:02.825 [FXGL Launcher Thread     ] DEBUG FXGLInput            - Clearing active input actions
18:12:02.825 [FXGL Launcher Thread     ] DEBUG FXGLMasterTimer      - Resetting ticks and clearing all actions
18:12:02.825 [FXGL Launcher Thread     ] DEBUG GameWorld            - Resetting game world
18:12:02.826 [FXGL Launcher Thread     ] TRACE EntityWorld          - Resetting entity world
18:12:02.829 [FXGL Launcher Thread     ] DEBUG PhysicsWorld         - Resetting physics world
18:12:02.829 [FXGL Launcher Thread     ] DEBUG GameScene            - Resetting game scene
18:12:02.829 [FXGL Launcher Thread     ] DEBUG FXGLEventBus         - Firing event: FXGLEvent[type=RESET]
18:12:02.865 [FXGL Launcher Thread     ] DEBUG GameApplication      - State: PAUSED -> LOADING
18:12:02.910 [FXGL Background Thread 1 ] DEBUG InitAppTask          - Initializing Assets
18:12:02.913 [FXGL Background Thread 1 ] DEBUG InitAppTask          - Initializing Game
18:12:02.965 [FXGL Background Thread 1 ] DEBUG InitAppTask          - Initializing Physics
18:12:02.965 [FXGL Background Thread 1 ] DEBUG InitAppTask          - Initializing UI
18:12:02.968 [FXGL Background Thread 1 ] DEBUG GameScene            - Adding UI node: Text[text="0", x=0.0, y=0.0, alignment=LEFT, origin=BASELINE, boundsType=LOGICAL, font=Font[name=System Regular, family=System, style=Regular, size=12.0], fontSmoothingType=GRAY, fill=0x000000ff]
18:12:02.968 [FXGL Background Thread 1 ] DEBUG InitAppTask          - Initialization Complete
18:12:03.000 [JavaFX Application Thread] DEBUG FXGLDisplay          - Showing stage
18:12:03.000 [JavaFX Application Thread] DEBUG FXGLDisplay          - Root size: 600.0x600.0
18:12:03.001 [JavaFX Application Thread] DEBUG FXGLDisplay          - Scene size: 600.0x600.0
18:12:03.001 [JavaFX Application Thread] DEBUG FXGLDisplay          - Stage size: 616.0x639.0
18:12:03.101 [JavaFX Application Thread] DEBUG FXGLInput            - Clearing active input actions
18:12:03.102 [JavaFX Application Thread] DEBUG FXGLMasterTimer      - Starting master timer
18:12:03.102 [JavaFX Application Thread] DEBUG GameApplication      - State: LOADING -> PLAYING
18:12:03.118 [JavaFX Application Thread] DEBUG FXGLEventBus         - Firing event: FXGLEvent[type=RESUME]
18:12:03.126 [JavaFX Application Thread] DEBUG GameScene            - Entity added to scene
18:12:03.127 [JavaFX Application Thread] DEBUG GameScene            - Added MainViewComponent
18:12:03.134 [JavaFX Application Thread] DEBUG GameScene            - Creating render group for layer: TOP(2147483647)
18:12:41.536 [JavaFX Application Thread] DEBUG FXGLEventBus         - Firing event: DisplayEvent[type=DIALOG_OPENED]
18:12:41.537 [JavaFX Application Thread] DEBUG FXGLInput            - Clearing active input actions
18:12:41.537 [JavaFX Application Thread] DEBUG FXGLMasterTimer      - Stopping master timer
18:12:41.537 [JavaFX Application Thread] DEBUG GameApplication      - State: PLAYING -> PAUSED
18:12:41.537 [JavaFX Application Thread] DEBUG FXGLEventBus         - Firing event: FXGLEvent[type=PAUSE]
18:12:41.538 [JavaFX Application Thread] DEBUG FXGLInput            - Clearing active input actions
18:12:42.830 [JavaFX Application Thread] DEBUG FXGLEventBus         - Firing event: DisplayEvent[type=DIALOG_CLOSED]
18:12:42.830 [JavaFX Application Thread] DEBUG FXGLInput            - Clearing active input actions
18:12:42.830 [JavaFX Application Thread] DEBUG FXGLMasterTimer      - Starting master timer
18:12:42.830 [JavaFX Application Thread] DEBUG GameApplication      - State: PAUSED -> PLAYING
18:12:42.830 [JavaFX Application Thread] DEBUG FXGLEventBus         - Firing event: FXGLEvent[type=RESUME]
18:12:42.831 [JavaFX Application Thread] DEBUG FXGLEventBus         - Firing event: DisplayEvent[type=CLOSE_REQUEST]
18:12:42.831 [JavaFX Application Thread] DEBUG FXGLEventBus         - Firing event: FXGLEvent[type=EXIT]
18:12:42.836 [JavaFX Application Thread] DEBUG FXGL                 - Saving FXGL system data
18:12:42.838 [JavaFX Application Thread] DEBUG IOTask               - Executing task: writeDataTask(system/fxgl.bundle)
18:12:42.841 [JavaFX Application Thread] DEBUG FS                   - Writing to: system\fxgl.bundle
18:12:42.845 [JavaFX Application Thread] DEBUG IOTask               - Task succeeded: writeDataTask(system/fxgl.bundle)
