18:08:55.911 [FXGL Launcher Thread     ] DEBUG FXGLLoggerFactory    - Service [LoggerFactory] initialized
18:08:55.929 [FXGL Launcher Thread     ] DEBUG FXGL                 - FXGL configuration complete
18:08:55.929 [FXGL Launcher Thread     ] DEBUG FXGL                 - Loading FXGL system data
18:08:55.937 [FXGL Launcher Thread     ] DEBUG IOTask               - Executing task: readDataTask(system/fxgl.bundle)
18:08:55.942 [FXGL Launcher Thread     ] DEBUG FS                   - Reading from: system\fxgl.bundle
18:08:55.949 [FXGL Launcher Thread     ] DEBUG IOTask               - Task succeeded: readDataTask(system/fxgl.bundle)
18:08:55.949 [FXGL Launcher Thread     ] DEBUG Bundle               - Logging bundle: FXGL
18:08:55.951 [FXGL Launcher Thread     ] DEBUG Bundle               - FXGL.offline.timer.version.check=2016-12-11T16:39:22.168
18:08:55.963 [FXGL Launcher Thread     ] DEBUG GameApplication      - Configuring GameApplication
18:08:55.969 [FXGL Launcher Thread     ] DEBUG FXGLExceptionHandler - Service [ExceptionHandler] initialized
18:08:55.970 [FXGL Launcher Thread     ] DEBUG FXGLEventBus         - Service [EventBus] initialized
18:08:55.976 [FXGL Launcher Thread     ] DEBUG FXGLExecutor         - Service [Executor] initialized
18:08:55.976 [FXGL Launcher Thread     ] DEBUG PreInitTask          - Injecting gameWorld & physicsWorld
18:08:55.984 [FXGL Launcher Thread     ] DEBUG GameWorld            - Game world initialized
18:08:56.068 [FXGL Launcher Thread     ] DEBUG FXGLPooler           - Service [Pooler] initialized with default size = 128
18:08:56.069 [FXGL Launcher Thread     ] DEBUG PhysicsWorld         - Physics world initialized: appHeight=550,0, physics.ppm=50,0
18:08:56.070 [FXGL Launcher Thread     ] DEBUG FXGLInput            - Service [Input] initialized
18:08:56.104 [FXGL Launcher Thread     ] DEBUG FXGLInput            - Registered new binding: Screenshot - P
18:08:56.104 [FXGL Launcher Thread     ] DEBUG FXGLInput            - Registered new binding: Dev Options - CTRL+0
18:08:56.105 [FXGL Launcher Thread     ] DEBUG FXGLInput            - Registered new binding: Move Right - D
18:08:56.105 [FXGL Launcher Thread     ] DEBUG FXGLInput            - Registered new binding: Move Left - A
18:08:56.105 [FXGL Launcher Thread     ] DEBUG FXGLInput            - Registered new binding: Move Up - W
18:08:56.105 [FXGL Launcher Thread     ] DEBUG FXGLInput            - Registered new binding: Move Down - S
18:08:56.143 [FXGL Launcher Thread     ] DEBUG GameScene            - Game scene initialized: 900.0x550.0
18:08:56.150 [FXGL Launcher Thread     ] DEBUG FXGLAssetLoader      - Service [AssetLoader] initialized: cacheSize=35
18:08:56.152 [FXGL Launcher Thread     ] DEBUG FXGLAssetLoader      - Loading from disk: /assets/sounds/system/notification.wav
18:08:56.206 [FXGL Launcher Thread     ] DEBUG FXGLAssetLoader      - Loading from disk: /assets/sounds/menu/select.wav
18:08:56.209 [FXGL Launcher Thread     ] DEBUG FXGLAssetLoader      - Loading from disk: /assets/sounds/menu/back.wav
18:08:56.212 [FXGL Launcher Thread     ] DEBUG FXGLAssetLoader      - Loading from disk: /assets/sounds/menu/press.wav
18:08:56.216 [FXGL Launcher Thread     ] DEBUG FXGLAssetLoader      - Loading from disk: /assets/ui/fonts/Copperplate_Gothic_Light_Regular.ttf
18:08:56.363 [FXGL Launcher Thread     ] DEBUG FXGLAssetLoader      - Loading from disk: /assets/ui/css/fxgl.css
18:08:56.363 [FXGL Launcher Thread     ] DEBUG FXGLAssetLoader      - Loading from disk: /assets/ui/icons/fxgl_icon.png
18:08:56.398 [FXGL Launcher Thread     ] DEBUG FXGLAssetLoader      - Loading from disk: /assets/ui/css/fxgl_dark.css
18:08:56.412 [FXGL Launcher Thread     ] DEBUG FXGLDisplay          - Target size: DoubleProperty [value: 900.0] x DoubleProperty [value: 550.0] @ 1.0
18:08:56.412 [FXGL Launcher Thread     ] DEBUG FXGLDisplay          - New size:    900.0 x 550.0 @ DoubleProperty [value: 1.0]
18:08:56.413 [FXGL Launcher Thread     ] DEBUG FXGLDisplay          - Service [Display] initialized
18:08:56.413 [FXGL Launcher Thread     ] DEBUG FXGLDisplay          - Using CSS: CSS(externalForm=jar:file:/C:/Users/Catalina/.m2/repository/com/github/AlmasB/FXGL/0.2.8/FXGL-0.2.8.jar!/assets/ui/css/fxgl_dark.css)
18:08:56.414 [FXGL Launcher Thread     ] DEBUG InitScenesTask       - Injecting loadingScene & gameScene
18:08:56.460 [FXGL Launcher Thread     ] DEBUG FXGLMasterTimer      - Service [MasterTimer] initialized
18:08:56.465 [FXGL Launcher Thread     ] DEBUG FXGLAudioPlayer      - Service [AudioPlayer] initialized
18:08:56.486 [FXGL Launcher Thread     ] DEBUG InitProfilerTask     - Injecting profiler
18:08:56.486 [FXGL Launcher Thread     ] DEBUG GameApplication      - Starting new game
18:08:56.489 [FXGL Launcher Thread     ] DEBUG GameApplication      - Initializing App
18:08:56.491 [FXGL Launcher Thread     ] DEBUG FXGLInput            - Clearing active input actions
18:08:56.492 [FXGL Launcher Thread     ] DEBUG FXGLMasterTimer      - Stopping master timer
18:08:56.492 [FXGL Launcher Thread     ] DEBUG GameApplication      - State: STARTUP -> PAUSED
18:08:56.493 [FXGL Launcher Thread     ] DEBUG FXGLEventBus         - Firing event: FXGLEvent[type=PAUSE]
18:08:56.495 [FXGL Launcher Thread     ] DEBUG FXGLInput            - Clearing active input actions
18:08:56.495 [FXGL Launcher Thread     ] DEBUG FXGLMasterTimer      - Resetting ticks and clearing all actions
18:08:56.495 [FXGL Launcher Thread     ] DEBUG GameWorld            - Resetting game world
18:08:56.495 [FXGL Launcher Thread     ] TRACE EntityWorld          - Resetting entity world
18:08:56.497 [FXGL Launcher Thread     ] DEBUG PhysicsWorld         - Resetting physics world
18:08:56.497 [FXGL Launcher Thread     ] DEBUG GameScene            - Resetting game scene
18:08:56.497 [FXGL Launcher Thread     ] DEBUG FXGLEventBus         - Firing event: FXGLEvent[type=RESET]
18:08:56.531 [FXGL Launcher Thread     ] DEBUG GameApplication      - State: PAUSED -> LOADING
18:08:56.574 [FXGL Background Thread 1 ] DEBUG InitAppTask          - Initializing Assets
18:08:56.653 [JavaFX Application Thread] DEBUG FXGLDisplay          - Showing stage
18:08:56.653 [JavaFX Application Thread] DEBUG FXGLDisplay          - Root size: 900.0x550.0
18:08:56.653 [JavaFX Application Thread] DEBUG FXGLDisplay          - Scene size: 900.0x550.0
18:08:56.654 [JavaFX Application Thread] DEBUG FXGLDisplay          - Stage size: 916.0x589.0
18:08:56.727 [JavaFX Application Thread] FATAL FXGLExceptionHandler - Uncaught Exception:
18:08:56.729 [JavaFX Application Thread] FATAL FXGLExceptionHandler - 

Exception occurred: java.lang.UnsupportedOperationException : Not supported yet.
E: com.almasb.juegomissile.GameApp.initAssets(GameApp.java:73)
E: com.almasb.fxgl.app.InitAppTask.call(InitAppTask.kt:50)
E: com.almasb.fxgl.app.InitAppTask.call(InitAppTask.kt:38)
E: javafx.concurrent.Task$TaskCallable.call(Task.java:1423)
E: java.util.concurrent.FutureTask.run(FutureTask.java:266)
E: java.util.concurrent.Executors$RunnableAdapter.call(Executors.java:511)
E: java.util.concurrent.FutureTask.run(FutureTask.java:266)
E: java.util.concurrent.ThreadPoolExecutor.runWorker(ThreadPoolExecutor.java:1142)
E: java.util.concurrent.ThreadPoolExecutor$Worker.run(ThreadPoolExecutor.java:617)
E: java.lang.Thread.run(Thread.java:745)

18:08:56.729 [JavaFX Application Thread] FATAL FXGLExceptionHandler - Application will now exit
18:08:56.729 [JavaFX Application Thread] DEBUG FXGLInput            - Clearing active input actions
18:08:56.729 [JavaFX Application Thread] DEBUG FXGLMasterTimer      - Stopping master timer
18:08:56.729 [JavaFX Application Thread] DEBUG GameApplication      - State: LOADING -> PAUSED
18:08:56.730 [JavaFX Application Thread] DEBUG FXGLEventBus         - Firing event: FXGLEvent[type=PAUSE]
18:08:58.600 [JavaFX Application Thread] DEBUG FXGLEventBus         - Firing event: FXGLEvent[type=EXIT]
18:08:58.605 [JavaFX Application Thread] DEBUG FXGL                 - Saving FXGL system data
18:08:58.608 [JavaFX Application Thread] DEBUG IOTask               - Executing task: writeDataTask(system/fxgl.bundle)
18:08:58.611 [JavaFX Application Thread] DEBUG FS                   - Writing to: system\fxgl.bundle
18:08:58.616 [JavaFX Application Thread] DEBUG IOTask               - Task succeeded: writeDataTask(system/fxgl.bundle)
