18:15:42.089 [FXGL Launcher Thread     ] DEBUG FXGLLoggerFactory    - Service [LoggerFactory] initialized
18:15:42.107 [FXGL Launcher Thread     ] DEBUG FXGL                 - FXGL configuration complete
18:15:42.107 [FXGL Launcher Thread     ] DEBUG FXGL                 - Loading FXGL system data
18:15:42.116 [FXGL Launcher Thread     ] DEBUG IOTask               - Executing task: readDataTask(system/fxgl.bundle)
18:15:42.121 [FXGL Launcher Thread     ] DEBUG FS                   - Reading from: system\fxgl.bundle
18:15:42.133 [FXGL Launcher Thread     ] DEBUG IOTask               - Task succeeded: readDataTask(system/fxgl.bundle)
18:15:42.133 [FXGL Launcher Thread     ] DEBUG Bundle               - Logging bundle: FXGL
18:15:42.134 [FXGL Launcher Thread     ] DEBUG Bundle               - FXGL.offline.timer.version.check=2016-12-11T16:39:22.168
18:15:42.149 [FXGL Launcher Thread     ] DEBUG GameApplication      - Configuring GameApplication
18:15:42.155 [FXGL Launcher Thread     ] DEBUG FXGLExceptionHandler - Service [ExceptionHandler] initialized
18:15:42.156 [FXGL Launcher Thread     ] DEBUG FXGLEventBus         - Service [EventBus] initialized
18:15:42.170 [FXGL Launcher Thread     ] DEBUG FXGLExecutor         - Service [Executor] initialized
18:15:42.171 [FXGL Launcher Thread     ] DEBUG PreInitTask          - Injecting gameWorld & physicsWorld
18:15:42.192 [FXGL Launcher Thread     ] DEBUG GameWorld            - Game world initialized
18:15:42.366 [FXGL Launcher Thread     ] DEBUG FXGLPooler           - Service [Pooler] initialized with default size = 128
18:15:42.367 [FXGL Launcher Thread     ] DEBUG PhysicsWorld         - Physics world initialized: appHeight=550,0, physics.ppm=50,0
18:15:42.370 [FXGL Launcher Thread     ] DEBUG FXGLInput            - Service [Input] initialized
18:15:42.412 [FXGL Launcher Thread     ] DEBUG FXGLInput            - Registered new binding: Screenshot - P
18:15:42.412 [FXGL Launcher Thread     ] DEBUG FXGLInput            - Registered new binding: Dev Options - CTRL+0
18:15:42.412 [FXGL Launcher Thread     ] DEBUG FXGLInput            - Registered new binding: Move Right - D
18:15:42.412 [FXGL Launcher Thread     ] DEBUG FXGLInput            - Registered new binding: Move Left - A
18:15:42.413 [FXGL Launcher Thread     ] DEBUG FXGLInput            - Registered new binding: Move Up - W
18:15:42.413 [FXGL Launcher Thread     ] DEBUG FXGLInput            - Registered new binding: Move Down - S
18:15:42.461 [FXGL Launcher Thread     ] DEBUG GameScene            - Game scene initialized: 850.0x550.0
18:15:42.473 [FXGL Launcher Thread     ] DEBUG FXGLAssetLoader      - Service [AssetLoader] initialized: cacheSize=35
18:15:42.477 [FXGL Launcher Thread     ] DEBUG FXGLAssetLoader      - Loading from disk: /assets/sounds/system/notification.wav
18:15:42.550 [FXGL Launcher Thread     ] DEBUG FXGLAssetLoader      - Loading from disk: /assets/sounds/menu/select.wav
18:15:42.552 [FXGL Launcher Thread     ] DEBUG FXGLAssetLoader      - Loading from disk: /assets/sounds/menu/back.wav
18:15:42.555 [FXGL Launcher Thread     ] DEBUG FXGLAssetLoader      - Loading from disk: /assets/sounds/menu/press.wav
18:15:42.560 [FXGL Launcher Thread     ] DEBUG FXGLAssetLoader      - Loading from disk: /assets/ui/fonts/Copperplate_Gothic_Light_Regular.ttf
18:15:42.731 [FXGL Launcher Thread     ] DEBUG FXGLAssetLoader      - Loading from disk: /assets/ui/css/fxgl.css
18:15:42.731 [FXGL Launcher Thread     ] DEBUG FXGLAssetLoader      - Loading from disk: /assets/ui/icons/fxgl_icon.png
18:15:42.772 [FXGL Launcher Thread     ] DEBUG FXGLAssetLoader      - Loading from disk: /assets/ui/css/fxgl_dark.css
18:15:42.795 [FXGL Launcher Thread     ] DEBUG FXGLDisplay          - Target size: DoubleProperty [value: 850.0] x DoubleProperty [value: 550.0] @ 1.0
18:15:42.796 [FXGL Launcher Thread     ] DEBUG FXGLDisplay          - New size:    850.0 x 550.0 @ DoubleProperty [value: 1.0]
18:15:42.796 [FXGL Launcher Thread     ] DEBUG FXGLDisplay          - Service [Display] initialized
18:15:42.797 [FXGL Launcher Thread     ] DEBUG FXGLDisplay          - Using CSS: CSS(externalForm=jar:file:/C:/Users/Catalina/.m2/repository/com/github/AlmasB/FXGL/0.2.8/FXGL-0.2.8.jar!/assets/ui/css/fxgl_dark.css)
18:15:42.797 [FXGL Launcher Thread     ] DEBUG InitScenesTask       - Injecting loadingScene & gameScene
18:15:42.865 [FXGL Launcher Thread     ] DEBUG FXGLMasterTimer      - Service [MasterTimer] initialized
18:15:42.870 [FXGL Launcher Thread     ] DEBUG FXGLAudioPlayer      - Service [AudioPlayer] initialized
18:15:42.885 [FXGL Launcher Thread     ] DEBUG InitProfilerTask     - Injecting profiler
18:15:42.886 [FXGL Launcher Thread     ] DEBUG GameApplication      - Starting new game
18:15:42.889 [FXGL Launcher Thread     ] DEBUG GameApplication      - Initializing App
18:15:42.890 [FXGL Launcher Thread     ] DEBUG FXGLInput            - Clearing active input actions
18:15:42.891 [FXGL Launcher Thread     ] DEBUG FXGLMasterTimer      - Stopping master timer
18:15:42.891 [FXGL Launcher Thread     ] DEBUG GameApplication      - State: STARTUP -> PAUSED
18:15:42.893 [FXGL Launcher Thread     ] DEBUG FXGLEventBus         - Firing event: FXGLEvent[type=PAUSE]
18:15:42.895 [FXGL Launcher Thread     ] DEBUG FXGLInput            - Clearing active input actions
18:15:42.896 [FXGL Launcher Thread     ] DEBUG FXGLMasterTimer      - Resetting ticks and clearing all actions
18:15:42.896 [FXGL Launcher Thread     ] DEBUG GameWorld            - Resetting game world
18:15:42.896 [FXGL Launcher Thread     ] TRACE EntityWorld          - Resetting entity world
18:15:42.898 [FXGL Launcher Thread     ] DEBUG PhysicsWorld         - Resetting physics world
18:15:42.899 [FXGL Launcher Thread     ] DEBUG GameScene            - Resetting game scene
18:15:42.899 [FXGL Launcher Thread     ] DEBUG FXGLEventBus         - Firing event: FXGLEvent[type=RESET]
18:15:42.940 [FXGL Launcher Thread     ] DEBUG GameApplication      - State: PAUSED -> LOADING
18:15:42.996 [FXGL Background Thread 1 ] DEBUG InitAppTask          - Initializing Assets
18:15:42.998 [FXGL Background Thread 1 ] DEBUG InitAppTask          - Initializing Game
18:15:43.020 [FXGL Background Thread 1 ] DEBUG InitAppTask          - Initializing Physics
18:15:43.020 [FXGL Background Thread 1 ] DEBUG InitAppTask          - Initializing UI
18:15:43.020 [FXGL Background Thread 1 ] DEBUG InitAppTask          - Initialization Complete
18:15:43.100 [JavaFX Application Thread] DEBUG FXGLDisplay          - Showing stage
18:15:43.100 [JavaFX Application Thread] DEBUG FXGLDisplay          - Root size: 850.0x550.0
18:15:43.101 [JavaFX Application Thread] DEBUG FXGLDisplay          - Scene size: 850.0x550.0
18:15:43.101 [JavaFX Application Thread] DEBUG FXGLDisplay          - Stage size: 866.0x589.0
18:15:43.209 [JavaFX Application Thread] DEBUG FXGLInput            - Clearing active input actions
18:15:43.210 [JavaFX Application Thread] DEBUG FXGLMasterTimer      - Starting master timer
18:15:43.210 [JavaFX Application Thread] DEBUG GameApplication      - State: LOADING -> PLAYING
18:15:43.223 [JavaFX Application Thread] DEBUG FXGLEventBus         - Firing event: FXGLEvent[type=RESUME]
18:15:43.235 [JavaFX Application Thread] DEBUG GameScene            - Entity added to scene
18:15:43.236 [JavaFX Application Thread] DEBUG GameScene            - Added MainViewComponent
18:15:43.241 [JavaFX Application Thread] DEBUG GameScene            - Creating render group for layer: TOP(2147483647)
18:15:51.734 [JavaFX Application Thread] DEBUG FXGLEventBus         - Firing event: DisplayEvent[type=DIALOG_OPENED]
18:15:51.735 [JavaFX Application Thread] DEBUG FXGLInput            - Clearing active input actions
18:15:51.735 [JavaFX Application Thread] DEBUG FXGLMasterTimer      - Stopping master timer
18:15:51.735 [JavaFX Application Thread] DEBUG GameApplication      - State: PLAYING -> PAUSED
18:15:51.735 [JavaFX Application Thread] DEBUG FXGLEventBus         - Firing event: FXGLEvent[type=PAUSE]
18:15:51.735 [JavaFX Application Thread] DEBUG FXGLInput            - Clearing active input actions
18:15:53.423 [JavaFX Application Thread] DEBUG FXGLEventBus         - Firing event: DisplayEvent[type=DIALOG_CLOSED]
18:15:53.424 [JavaFX Application Thread] DEBUG FXGLInput            - Clearing active input actions
18:15:53.424 [JavaFX Application Thread] DEBUG FXGLMasterTimer      - Starting master timer
18:15:53.424 [JavaFX Application Thread] DEBUG GameApplication      - State: PAUSED -> PLAYING
18:15:53.424 [JavaFX Application Thread] DEBUG FXGLEventBus         - Firing event: FXGLEvent[type=RESUME]
18:15:53.424 [JavaFX Application Thread] DEBUG FXGLEventBus         - Firing event: DisplayEvent[type=CLOSE_REQUEST]
18:15:53.425 [JavaFX Application Thread] DEBUG FXGLEventBus         - Firing event: FXGLEvent[type=EXIT]
18:15:53.430 [JavaFX Application Thread] DEBUG FXGL                 - Saving FXGL system data
18:15:53.431 [JavaFX Application Thread] DEBUG IOTask               - Executing task: writeDataTask(system/fxgl.bundle)
18:15:53.434 [JavaFX Application Thread] DEBUG FS                   - Writing to: system\fxgl.bundle
18:15:53.438 [JavaFX Application Thread] DEBUG IOTask               - Task succeeded: writeDataTask(system/fxgl.bundle)
