18:16:11.239 [FXGL Launcher Thread     ] DEBUG FXGLLoggerFactory    - Service [LoggerFactory] initialized
18:16:11.248 [FXGL Launcher Thread     ] DEBUG FXGL                 - FXGL configuration complete
18:16:11.248 [FXGL Launcher Thread     ] DEBUG FXGL                 - Loading FXGL system data
18:16:11.258 [FXGL Launcher Thread     ] DEBUG IOTask               - Executing task: readDataTask(system/fxgl.bundle)
18:16:11.262 [FXGL Launcher Thread     ] DEBUG FS                   - Reading from: system\fxgl.bundle
18:16:11.282 [FXGL Launcher Thread     ] DEBUG IOTask               - Task succeeded: readDataTask(system/fxgl.bundle)
18:16:11.282 [FXGL Launcher Thread     ] DEBUG Bundle               - Logging bundle: FXGL
18:16:11.284 [FXGL Launcher Thread     ] DEBUG Bundle               - FXGL.offline.timer.version.check=2016-12-11T16:39:22.168
18:16:11.296 [FXGL Launcher Thread     ] DEBUG GameApplication      - Configuring GameApplication
18:16:11.304 [FXGL Launcher Thread     ] DEBUG FXGLExceptionHandler - Service [ExceptionHandler] initialized
18:16:11.305 [FXGL Launcher Thread     ] DEBUG FXGLEventBus         - Service [EventBus] initialized
18:16:11.310 [FXGL Launcher Thread     ] DEBUG FXGLExecutor         - Service [Executor] initialized
18:16:11.310 [FXGL Launcher Thread     ] DEBUG PreInitTask          - Injecting gameWorld & physicsWorld
18:16:11.320 [FXGL Launcher Thread     ] DEBUG GameWorld            - Game world initialized
18:16:11.439 [FXGL Launcher Thread     ] DEBUG FXGLPooler           - Service [Pooler] initialized with default size = 128
18:16:11.439 [FXGL Launcher Thread     ] DEBUG PhysicsWorld         - Physics world initialized: appHeight=550,0, physics.ppm=50,0
18:16:11.441 [FXGL Launcher Thread     ] DEBUG FXGLInput            - Service [Input] initialized
18:16:11.494 [FXGL Launcher Thread     ] DEBUG FXGLInput            - Registered new binding: Screenshot - P
18:16:11.495 [FXGL Launcher Thread     ] DEBUG FXGLInput            - Registered new binding: Dev Options - CTRL+0
18:16:11.496 [FXGL Launcher Thread     ] DEBUG FXGLInput            - Registered new binding: Move Right - D
18:16:11.496 [FXGL Launcher Thread     ] DEBUG FXGLInput            - Registered new binding: Move Left - A
18:16:11.496 [FXGL Launcher Thread     ] DEBUG FXGLInput            - Registered new binding: Move Up - W
18:16:11.497 [FXGL Launcher Thread     ] DEBUG FXGLInput            - Registered new binding: Move Down - S
18:16:11.555 [FXGL Launcher Thread     ] DEBUG GameScene            - Game scene initialized: 850.0x550.0
18:16:11.574 [FXGL Launcher Thread     ] DEBUG FXGLAssetLoader      - Service [AssetLoader] initialized: cacheSize=35
18:16:11.594 [FXGL Launcher Thread     ] DEBUG FXGLAssetLoader      - Loading from disk: /assets/sounds/system/notification.wav
18:16:11.661 [FXGL Launcher Thread     ] DEBUG FXGLAssetLoader      - Loading from disk: /assets/sounds/menu/select.wav
18:16:11.663 [FXGL Launcher Thread     ] DEBUG FXGLAssetLoader      - Loading from disk: /assets/sounds/menu/back.wav
18:16:11.666 [FXGL Launcher Thread     ] DEBUG FXGLAssetLoader      - Loading from disk: /assets/sounds/menu/press.wav
18:16:11.671 [FXGL Launcher Thread     ] DEBUG FXGLAssetLoader      - Loading from disk: /assets/ui/fonts/Copperplate_Gothic_Light_Regular.ttf
18:16:11.909 [FXGL Launcher Thread     ] DEBUG FXGLAssetLoader      - Loading from disk: /assets/ui/css/fxgl.css
18:16:11.910 [FXGL Launcher Thread     ] DEBUG FXGLAssetLoader      - Loading from disk: /assets/ui/icons/fxgl_icon.png
18:16:11.972 [FXGL Launcher Thread     ] DEBUG FXGLAssetLoader      - Loading from disk: /assets/ui/css/fxgl_dark.css
18:16:11.991 [FXGL Launcher Thread     ] DEBUG FXGLDisplay          - Target size: DoubleProperty [value: 850.0] x DoubleProperty [value: 550.0] @ 1.0
18:16:11.991 [FXGL Launcher Thread     ] DEBUG FXGLDisplay          - New size:    850.0 x 550.0 @ DoubleProperty [value: 1.0]
18:16:11.992 [FXGL Launcher Thread     ] DEBUG FXGLDisplay          - Service [Display] initialized
18:16:11.992 [FXGL Launcher Thread     ] DEBUG FXGLDisplay          - Using CSS: CSS(externalForm=jar:file:/C:/Users/Catalina/.m2/repository/com/github/AlmasB/FXGL/0.2.8/FXGL-0.2.8.jar!/assets/ui/css/fxgl_dark.css)
18:16:11.993 [FXGL Launcher Thread     ] DEBUG InitScenesTask       - Injecting introScene
18:16:11.996 [FXGL Launcher Thread     ] DEBUG FXGLEventBus         - Firing event: SaveEvent
18:16:12.039 [FXGL Launcher Thread     ] DEBUG InitScenesTask       - Injecting mainMenuScene & gameMenuScene
18:16:12.039 [FXGL Launcher Thread     ] DEBUG InitScenesTask       - Injecting loadingScene & gameScene
18:16:12.110 [FXGL Launcher Thread     ] DEBUG FXGLMasterTimer      - Service [MasterTimer] initialized
18:16:12.114 [FXGL Launcher Thread     ] DEBUG FXGLAudioPlayer      - Service [AudioPlayer] initialized
18:16:12.128 [FXGL Launcher Thread     ] DEBUG InitProfilerTask     - Injecting profiler
18:16:12.129 [FXGL Launcher Thread     ] DEBUG GameApplication      - State: STARTUP -> INTRO
18:16:12.268 [JavaFX Application Thread] DEBUG FXGLDisplay          - Showing stage
18:16:12.269 [JavaFX Application Thread] DEBUG FXGLDisplay          - Root size: 850.0x550.0
18:16:12.269 [JavaFX Application Thread] DEBUG FXGLDisplay          - Scene size: 850.0x550.0
18:16:12.269 [JavaFX Application Thread] DEBUG FXGLDisplay          - Stage size: 866.0x589.0
18:16:17.870 [JavaFX Application Thread] DEBUG FXGLEventBus         - Firing event: IntroFinishedEvent
18:16:17.871 [JavaFX Application Thread] DEBUG GameApplication      - State: INTRO -> MAIN_MENU
18:16:17.936 [JavaFX Application Thread] DEBUG SaveLoadManager      - Checking profiles dir: profiles/
18:16:17.938 [JavaFX Application Thread] DEBUG SaveLoadManager      - Loading profile names
18:16:17.943 [JavaFX Application Thread] DEBUG IOTask               - Showing dialog
18:16:17.959 [JavaFX Application Thread] DEBUG FXGLEventBus         - Firing event: DisplayEvent[type=DIALOG_OPENED]
18:16:17.960 [JavaFX Application Thread] DEBUG FXGLInput            - Clearing active input actions
18:16:17.965 [FXGL Background Thread 1 ] DEBUG IOTask               - Executing task: loadDirectoryNamesTask(./profiles/, false)
18:16:18.134 [JavaFX Application Thread] DEBUG IOTask               - succeed(): Dismissing dialog
18:16:18.136 [JavaFX Application Thread] DEBUG FXGLEventBus         - Firing event: DisplayEvent[type=DIALOG_CLOSED]
18:16:18.136 [JavaFX Application Thread] DEBUG IOTask               - Task succeeded: loadDirectoryNamesTask(./profiles/, false)
18:16:18.150 [JavaFX Application Thread] DEBUG FXGLEventBus         - Firing event: DisplayEvent[type=DIALOG_OPENED]
18:16:18.151 [JavaFX Application Thread] DEBUG FXGLInput            - Clearing active input actions
18:16:20.572 [JavaFX Application Thread] DEBUG FXGLEventBus         - Firing event: DisplayEvent[type=DIALOG_CLOSED]
18:16:20.573 [JavaFX Application Thread] DEBUG SaveLoadManager      - Loading profile: catalina
18:16:20.574 [JavaFX Application Thread] DEBUG IOTask               - Showing dialog
18:16:20.581 [JavaFX Application Thread] DEBUG FXGLEventBus         - Firing event: DisplayEvent[type=DIALOG_OPENED]
18:16:20.582 [JavaFX Application Thread] DEBUG FXGLInput            - Clearing active input actions
18:16:20.582 [FXGL Background Thread 1 ] DEBUG IOTask               - Executing task: readDataTask(./profiles/catalina/user.profile)
18:16:20.602 [FXGL Background Thread 1 ] DEBUG FS                   - Reading from: .\profiles\catalina\user.profile
18:16:20.614 [JavaFX Application Thread] DEBUG IOTask               - succeed(): Dismissing dialog
18:16:20.615 [JavaFX Application Thread] DEBUG FXGLEventBus         - Firing event: DisplayEvent[type=DIALOG_CLOSED]
18:16:20.615 [JavaFX Application Thread] DEBUG IOTask               - Task succeeded: readDataTask(./profiles/catalina/user.profile)
18:16:20.632 [JavaFX Application Thread] DEBUG FXGLEventBus         - Firing event: DisplayEvent[type=DIALOG_OPENED]
18:16:20.632 [JavaFX Application Thread] DEBUG FXGLInput            - Clearing active input actions
18:16:23.289 [JavaFX Application Thread] DEBUG FXGLEventBus         - Firing event: DisplayEvent[type=DIALOG_CLOSED]
18:16:23.290 [JavaFX Application Thread] DEBUG SaveLoadManager      - Loading profile names
18:16:23.290 [JavaFX Application Thread] DEBUG IOTask               - Showing dialog
18:16:23.297 [JavaFX Application Thread] DEBUG FXGLEventBus         - Firing event: DisplayEvent[type=DIALOG_OPENED]
18:16:23.297 [JavaFX Application Thread] DEBUG FXGLInput            - Clearing active input actions
18:16:23.297 [FXGL Background Thread 1 ] DEBUG IOTask               - Executing task: loadDirectoryNamesTask(./profiles/, false)
18:16:23.314 [JavaFX Application Thread] DEBUG IOTask               - succeed(): Dismissing dialog
18:16:23.315 [JavaFX Application Thread] DEBUG FXGLEventBus         - Firing event: DisplayEvent[type=DIALOG_CLOSED]
18:16:23.315 [JavaFX Application Thread] DEBUG IOTask               - Task succeeded: loadDirectoryNamesTask(./profiles/, false)
18:16:23.324 [JavaFX Application Thread] DEBUG FXGLEventBus         - Firing event: DisplayEvent[type=DIALOG_OPENED]
18:16:23.325 [JavaFX Application Thread] DEBUG FXGLInput            - Clearing active input actions
18:16:24.551 [JavaFX Application Thread] DEBUG FXGLEventBus         - Firing event: DisplayEvent[type=DIALOG_CLOSED]
18:16:24.569 [JavaFX Application Thread] DEBUG FXGLEventBus         - Firing event: DisplayEvent[type=DIALOG_OPENED]
18:16:24.569 [JavaFX Application Thread] DEBUG FXGLInput            - Clearing active input actions
18:16:28.284 [JavaFX Application Thread] DEBUG FXGLEventBus         - Firing event: DisplayEvent[type=DIALOG_CLOSED]
18:16:28.285 [JavaFX Application Thread] DEBUG FXGLEventBus         - Firing event: ProfileSelectedEvent[name=catalina,hasSaves=false]
18:16:28.285 [JavaFX Application Thread] DEBUG FXGLEventBus         - Firing event: SaveEvent
18:16:28.285 [JavaFX Application Thread] DEBUG FXGLInput            - Saving data to profile
18:16:28.286 [JavaFX Application Thread] DEBUG Bundle               - Logging bundle: input
18:16:28.286 [JavaFX Application Thread] DEBUG Bundle               - input.Move Right=D
18:16:28.286 [JavaFX Application Thread] DEBUG Bundle               - input.Screenshot=P
18:16:28.286 [JavaFX Application Thread] DEBUG Bundle               - input.Move Up=W
18:16:28.286 [JavaFX Application Thread] DEBUG Bundle               - input.Dev Options=CTRL+0
18:16:28.286 [JavaFX Application Thread] DEBUG Bundle               - input.Move Left=A
18:16:28.286 [JavaFX Application Thread] DEBUG Bundle               - input.Move Down=S
18:16:28.286 [JavaFX Application Thread] DEBUG FXGLDisplay          - Saving data to profile
18:16:28.286 [JavaFX Application Thread] DEBUG Bundle               - Logging bundle: scene
18:16:28.286 [JavaFX Application Thread] DEBUG Bundle               - scene.sizeW=850.0
18:16:28.286 [JavaFX Application Thread] DEBUG Bundle               - scene.sizeH=550.0
18:16:28.286 [JavaFX Application Thread] DEBUG FXGLAudioPlayer      - Saving data to profile
18:16:28.286 [JavaFX Application Thread] DEBUG Bundle               - Logging bundle: audio
18:16:28.286 [JavaFX Application Thread] DEBUG Bundle               - audio.musicVolume=0.5
18:16:28.286 [JavaFX Application Thread] DEBUG Bundle               - audio.soundVolume=0.5
18:16:28.287 [JavaFX Application Thread] DEBUG AchievementManager   - Service [AchievementManager] initialized
18:16:28.287 [JavaFX Application Thread] DEBUG AchievementManager   - Saving data to profile
18:16:28.287 [JavaFX Application Thread] DEBUG Bundle               - Logging bundle: achievement
18:16:28.288 [JavaFX Application Thread] DEBUG FXGLMasterTimer      - Saving data to profile
18:16:28.288 [JavaFX Application Thread] DEBUG Bundle               - Logging bundle: timer
18:16:28.288 [JavaFX Application Thread] DEBUG Bundle               - timer.playtime=0
18:16:28.288 [JavaFX Application Thread] DEBUG SaveLoadManager      - Saving profile: catalina
18:16:28.291 [JavaFX Application Thread] DEBUG IOTask               - Executing task: writeDataTask(./profiles/catalina/user.profile)
18:16:28.291 [JavaFX Application Thread] DEBUG IOTask               - Executing task: writeDataTask(./profiles/catalina/user.profile)
18:16:28.294 [JavaFX Application Thread] DEBUG FS                   - Writing to: .\profiles\catalina\user.profile
18:16:28.304 [JavaFX Application Thread] DEBUG IOTask               - Executing task: checkSavesDir(./profiles/catalina/saves/)
18:16:28.305 [JavaFX Application Thread] DEBUG IOTask               - Task succeeded: writeDataTask(./profiles/catalina/user.profile)
18:16:30.005 [JavaFX Application Thread] DEBUG SaveLoadManager      - Querying save files
18:16:30.005 [JavaFX Application Thread] DEBUG SaveLoadManager      - Loading save files
18:16:30.008 [JavaFX Application Thread] DEBUG IOTask               - Showing dialog
18:16:30.015 [JavaFX Application Thread] DEBUG FXGLEventBus         - Firing event: DisplayEvent[type=DIALOG_OPENED]
18:16:30.015 [JavaFX Application Thread] DEBUG FXGLInput            - Clearing active input actions
18:16:30.015 [FXGL Background Thread 1 ] DEBUG IOTask               - Executing task: loadFileNamesTask(./profiles/catalina/saves/, true, [FileExtension(extension=.sav)])
18:16:30.015 [FXGL Background Thread 1 ] DEBUG IOTask               - Executing task: loadFileNamesTask(./profiles/catalina/saves/, true, [FileExtension(extension=.sav)])
18:16:30.019 [FXGL Background Thread 1 ] DEBUG IOTask               - Executing task: readSaveFiles
18:16:30.108 [JavaFX Application Thread] DEBUG IOTask               - succeed(): Dismissing dialog
18:16:30.109 [JavaFX Application Thread] DEBUG FXGLEventBus         - Firing event: DisplayEvent[type=DIALOG_CLOSED]
18:16:30.109 [JavaFX Application Thread] DEBUG IOTask               - Task succeeded: loadFileNamesTask(./profiles/catalina/saves/, true, [FileExtension(extension=.sav)])
18:16:33.700 [JavaFX Application Thread] DEBUG Menu                 - fireMultiplayer()
18:16:33.708 [JavaFX Application Thread] DEBUG FXGLEventBus         - Firing event: DisplayEvent[type=DIALOG_OPENED]
18:16:33.708 [JavaFX Application Thread] DEBUG FXGLInput            - Clearing active input actions
